[06:35:09] : Yamb 2.1.0.0 beta 2 started !!!
[06:35:09] : OS type detection...Windows Seven x64 (version 6.1, Build 7601 : Service Pack 1)
[06:35:09] : MP4Box found... C:\Users\pi\AppData\Roaming\Yamb\MP4Box.exe
[06:35:09] : EAC3to found...c:\users\pi\appdata\roaming\yamb\eac3to\eac3to.exe
[06:35:53] : seg7.mp4 loaded....
[06:36:06] : seg1.mp4 loaded....
[06:36:40] : seg2.mp4 loaded....
[06:36:47] : seg4.mp4 loaded....
[06:36:52] : seg6.mp4 loaded....
[06:37:51] : Creation of x.mp4...
[06:37:51] : Command Line used for Creation : "C:\Users\pi\AppData\Roaming\Yamb\MP4Box.exe" -add "D:\GitHub\pi-daily-video\record\seg1.mp4#1:fps=30.000" -add "D:\GitHub\pi-daily-video\record\seg1.mp4#2" -add "D:\GitHub\pi-daily-video\record\seg2.mp4#1:fps=30.000" -add "D:\GitHub\pi-daily-video\record\seg2.mp4#2" -add "D:\GitHub\pi-daily-video\record\seg4.mp4#1:fps=30.000" -add "D:\GitHub\pi-daily-video\record\seg4.mp4#2" -add "D:\GitHub\pi-daily-video\record\seg6.mp4#1:fps=30.000" -add "D:\GitHub\pi-daily-video\record\seg6.mp4#2" -add "D:\GitHub\pi-daily-video\record\seg7.mp4#1:fps=30.000" -add "D:\GitHub\pi-daily-video\record\seg7.mp4#2" "D:\GitHub\pi-daily-video\record\x.mp4"
[06:37:51] : File saved in D:\GitHub\pi-daily-video\record\
[06:37:51] : Importing ISO File...
[06:37:52] : Importing ISO File...
[06:37:52] : Importing ISO File...
[06:37:59] : Importing ISO File...
[06:38:00] : Importing ISO File...
[06:38:12] : Importing ISO File...
[06:38:14] : Importing ISO File...
[06:38:23] : Importing ISO File...
[06:38:24] : Importing ISO File...
[06:38:24] : Importing ISO File...
[06:38:25] : File Writing...
[06:38:27] : Concatenation complete.
[06:38:27] : Total Time Elapsed...36 secs
[06:41:19] : Yamb 2.1.0.0 beta 2 closed.
